<?xml version="1.0" encoding="UTF-8"?>
<testng-results ignored="0" total="1" passed="1" failed="0" skipped="0">
  <reporter-output>
  </reporter-output>
  <suite started-at="2023-05-04T17:50:08 IST" name="Suite" finished-at="2023-05-04T17:50:08 IST" duration-ms="105">
    <groups>
    </groups>
    <test started-at="2023-05-04T17:50:08 IST" name="Test" finished-at="2023-05-04T17:50:08 IST" duration-ms="105">
      <class name="pay1.sample">
        <test-method signature="f()[pri:0, instance:pay1.sample@66d3eec0]" started-at="2023-05-04T17:50:08 IST" name="f" finished-at="2023-05-04T17:50:08 IST" duration-ms="18" status="PASS">
          <reporter-output>
          </reporter-output>
        </test-method> <!-- f -->
      </class> <!-- pay1.sample -->
    </test> <!-- Test -->
  </suite> <!-- Suite -->
</testng-results>
